<?xml version="1.0" encoding="UTF-8"?>
<!-- Generated by org.testng.reporters.JUnitReportReporter -->
<testsuite skipped="0" hostname="DESKTOP-UTV866C" name="practice.Annotations" tests="2" failures="0" timestamp="2022-05-25T11:37:58 IST" time="0.019" errors="0">
  <testcase name="testCase1" time="0.014" classname="practice.Annotations"/>
  <system-out/>
  <testcase name="testCase2" time="0.005" classname="practice.Annotations"/>
  <system-out/>
</testsuite> <!-- practice.Annotations -->
