<?xml version="1.0" encoding="UTF-8"?>
<!-- Generated by org.testng.reporters.JUnitReportReporter -->
<testsuite skipped="0" hostname="DESKTOP-UTV866C" name="practice.Invocation_Keyword" tests="5" failures="0" timestamp="2022-05-25T11:27:18 IST" time="0.030" errors="0">
  <testcase name="methodC" time="0.002" classname="practice.Invocation_Keyword"/>
  <system-out/>
  <testcase name="methodD" time="0.005" classname="practice.Invocation_Keyword"/>
  <system-out/>
  <testcase name="methodC" time="0.005" classname="practice.Invocation_Keyword"/>
  <system-out/>
  <testcase name="methodD" time="0.004" classname="practice.Invocation_Keyword"/>
  <system-out/>
  <testcase name="methodC" time="0.014" classname="practice.Invocation_Keyword"/>
  <system-out/>
</testsuite> <!-- practice.Invocation_Keyword -->
