<?xml version="1.0" encoding="UTF-8"?>
<!-- Generated by org.testng.reporters.JUnitReportReporter -->
<testsuite skipped="0" hostname="DESKTOP-UTV866C" name="practice.TestNG_Keywords" tests="4" failures="0" timestamp="2022-05-25T11:23:54 IST" time="0.023" errors="0">
  <testcase name="methodB" time="0.014" classname="practice.TestNG_Keywords"/>
  <system-out/>
  <testcase name="methodA" time="0.002" classname="practice.TestNG_Keywords"/>
  <system-out/>
  <testcase name="methodD" time="0.002" classname="practice.TestNG_Keywords"/>
  <system-out/>
  <testcase name="methodC" time="0.005" classname="practice.TestNG_Keywords"/>
  <system-out/>
</testsuite> <!-- practice.TestNG_Keywords -->
