<?xml version="1.0" encoding="UTF-8"?>
<!-- Generated by org.testng.reporters.JUnitReportReporter -->
<testsuite skipped="2" hostname="DESKTOP-UTV866C" name="practice.Enabled_Keyword" tests="5" failures="0" timestamp="2022-05-25T11:30:27 IST" time="0.019" errors="0">
  <testcase name="methodD" time="0.002" classname="practice.Enabled_Keyword"/>
  <system-out/>
  <testcase name="methodD" time="0.002" classname="practice.Enabled_Keyword"/>
  <system-out/>
  <testcase name="methodB" time="0.015" classname="practice.Enabled_Keyword"/>
  <system-out/>
  <testcase name="methodC" classname="practice.Enabled_Keyword">
    <skipped/>
  </testcase> <!-- methodC -->
  <system-out/>
  <testcase name="methodA" classname="practice.Enabled_Keyword">
    <skipped/>
  </testcase> <!-- methodA -->
  <system-out/>
</testsuite> <!-- practice.Enabled_Keyword -->
